<?xml version="1.0" encoding="UTF-8"?>
<testng-results ignored="0" total="1" passed="1" failed="0" skipped="0">
  <reporter-output>
  </reporter-output>
  <suite started-at="2023-09-30T12:40:21 IST" name="Default suite" finished-at="2023-09-30T12:40:33 IST" duration-ms="12151">
    <groups>
    </groups>
    <test started-at="2023-09-30T12:40:21 IST" name="Default test" finished-at="2023-09-30T12:40:33 IST" duration-ms="12151">
      <class name="PageObjectModel.AmazonTestScript">
        <test-method signature="test()[pri:0, instance:PageObjectModel.AmazonTestScript@64a8c844]" started-at="2023-09-30T12:40:21 IST" name="test" finished-at="2023-09-30T12:40:33 IST" duration-ms="12109" status="PASS">
          <reporter-output>
          </reporter-output>
        </test-method> <!-- test -->
      </class> <!-- PageObjectModel.AmazonTestScript -->
    </test> <!-- Default test -->
  </suite> <!-- Default suite -->
</testng-results>
